C:\Users\Technologist SP\Dropbox\ResumeWebsitePage\Demo\Gasode\Debug\dsutil.obj
C:\Users\Technologist SP\Dropbox\ResumeWebsitePage\Demo\Gasode\Debug\dxaudio.obj
C:\Users\Technologist SP\Dropbox\ResumeWebsitePage\Demo\Gasode\Debug\dxgraphics.obj
C:\Users\Technologist SP\Dropbox\ResumeWebsitePage\Demo\Gasode\Debug\dxutil.obj
C:\Users\Technologist SP\Dropbox\ResumeWebsitePage\Demo\Gasode\Debug\Enemy.obj
C:\Users\Technologist SP\Dropbox\ResumeWebsitePage\Demo\Gasode\Debug\game.obj
C:\Users\Technologist SP\Dropbox\ResumeWebsitePage\Demo\Gasode\Debug\GameClock.obj
C:\Users\Technologist SP\Dropbox\ResumeWebsitePage\Demo\Gasode\Debug\Gameloop.obj
C:\Users\Technologist SP\Dropbox\ResumeWebsitePage\Demo\Gasode\Debug\Level.obj
C:\Users\Technologist SP\Dropbox\ResumeWebsitePage\Demo\Gasode\Debug\Menus.obj
C:\Users\Technologist SP\Dropbox\ResumeWebsitePage\Demo\Gasode\Debug\Player.obj
C:\Users\Technologist SP\Dropbox\ResumeWebsitePage\Demo\Gasode\Debug\Powerup.obj
C:\Users\Technologist SP\Dropbox\ResumeWebsitePage\Demo\Gasode\Debug\RenderMachine.obj
C:\Users\Technologist SP\Dropbox\ResumeWebsitePage\Demo\Gasode\Debug\SpecSound.obj
C:\Users\Technologist SP\Dropbox\ResumeWebsitePage\Demo\Gasode\Debug\Unit.obj
C:\Users\Technologist SP\Dropbox\ResumeWebsitePage\Demo\Gasode\Debug\Weapon.obj
C:\Users\Technologist SP\Dropbox\ResumeWebsitePage\Demo\Gasode\Debug\winmain.obj
C:\Users\Technologist SP\Dropbox\ResumeWebsitePage\Demo\Gasode\Debug\World.obj
C:\Users\Technologist SP\Dropbox\ResumeWebsitePage\Demo\Gasode\Debug\vc70.idb
C:\Users\Technologist SP\Dropbox\ResumeWebsitePage\Demo\Gasode\Debug\Gasode.pdb
C:\Users\Technologist SP\Dropbox\ResumeWebsitePage\Demo\Gasode\Debug\vc70.pdb
